15-Dec-2025 23:03:37.697 INFO [main] org.apache.catalina.startup.VersionLoggerListener.log 서버 버전 이름:    Apache Tomcat/10.1.36
15-Dec-2025 23:03:37.704 INFO [main] org.apache.catalina.startup.VersionLoggerListener.log Server 빌드 시각:  Feb 13 2025 13:13:30 UTC
15-Dec-2025 23:03:37.719 INFO [main] org.apache.catalina.startup.VersionLoggerListener.log Server 버전 번호:  10.1.36.0
15-Dec-2025 23:03:37.719 INFO [main] org.apache.catalina.startup.VersionLoggerListener.log 운영체제 이름:     Windows 10
15-Dec-2025 23:03:37.719 INFO [main] org.apache.catalina.startup.VersionLoggerListener.log 운영체제 버전:     10.0
15-Dec-2025 23:03:37.719 INFO [main] org.apache.catalina.startup.VersionLoggerListener.log 아키텍처:          amd64
15-Dec-2025 23:03:37.719 INFO [main] org.apache.catalina.startup.VersionLoggerListener.log 자바 홈:           C:\presentation\jdk-21
15-Dec-2025 23:03:37.719 INFO [main] org.apache.catalina.startup.VersionLoggerListener.log JVM 버전:          21.0.5+9-LTS-239
15-Dec-2025 23:03:37.720 INFO [main] org.apache.catalina.startup.VersionLoggerListener.log JVM 벤더:          Oracle Corporation
15-Dec-2025 23:03:37.720 INFO [main] org.apache.catalina.startup.VersionLoggerListener.log CATALINA_BASE:     C:\presentation\apache-tomcat-10.1.36
15-Dec-2025 23:03:37.720 INFO [main] org.apache.catalina.startup.VersionLoggerListener.log CATALINA_HOME:     C:\presentation\apache-tomcat-10.1.36
15-Dec-2025 23:03:37.729 INFO [main] org.apache.catalina.startup.VersionLoggerListener.log 명령 행 아규먼트:  -Djava.util.logging.config.file=C:\presentation\apache-tomcat-10.1.36\conf\logging.properties
15-Dec-2025 23:03:37.730 INFO [main] org.apache.catalina.startup.VersionLoggerListener.log 명령 행 아규먼트:  -Djava.util.logging.manager=org.apache.juli.ClassLoaderLogManager
15-Dec-2025 23:03:37.730 INFO [main] org.apache.catalina.startup.VersionLoggerListener.log 명령 행 아규먼트:  -Djdk.tls.ephemeralDHKeySize=2048
15-Dec-2025 23:03:37.730 INFO [main] org.apache.catalina.startup.VersionLoggerListener.log 명령 행 아규먼트:  -Djava.protocol.handler.pkgs=org.apache.catalina.webresources
15-Dec-2025 23:03:37.731 INFO [main] org.apache.catalina.startup.VersionLoggerListener.log 명령 행 아규먼트:  -Dsun.io.useCanonCaches=false
15-Dec-2025 23:03:37.733 INFO [main] org.apache.catalina.startup.VersionLoggerListener.log 명령 행 아규먼트:  --add-opens=java.base/java.lang=ALL-UNNAMED
15-Dec-2025 23:03:37.766 INFO [main] org.apache.catalina.startup.VersionLoggerListener.log 명령 행 아규먼트:  --add-opens=java.base/java.io=ALL-UNNAMED
15-Dec-2025 23:03:37.767 INFO [main] org.apache.catalina.startup.VersionLoggerListener.log 명령 행 아규먼트:  --add-opens=java.base/java.util=ALL-UNNAMED
15-Dec-2025 23:03:37.767 INFO [main] org.apache.catalina.startup.VersionLoggerListener.log 명령 행 아규먼트:  --add-opens=java.base/java.util.concurrent=ALL-UNNAMED
15-Dec-2025 23:03:37.768 INFO [main] org.apache.catalina.startup.VersionLoggerListener.log 명령 행 아규먼트:  --add-opens=java.rmi/sun.rmi.transport=ALL-UNNAMED
15-Dec-2025 23:03:37.768 INFO [main] org.apache.catalina.startup.VersionLoggerListener.log 명령 행 아규먼트:  -Dcatalina.base=C:\presentation\apache-tomcat-10.1.36
15-Dec-2025 23:03:37.769 INFO [main] org.apache.catalina.startup.VersionLoggerListener.log 명령 행 아규먼트:  -Dcatalina.home=C:\presentation\apache-tomcat-10.1.36
15-Dec-2025 23:03:37.769 INFO [main] org.apache.catalina.startup.VersionLoggerListener.log 명령 행 아규먼트:  -Djava.io.tmpdir=C:\presentation\apache-tomcat-10.1.36\temp
15-Dec-2025 23:03:37.781 INFO [main] org.apache.catalina.core.AprLifecycleListener.lifecycleEvent 프로덕션 환경들에서 최적의 성능을 제공하는, APR 기반 Apache Tomcat Native 라이브러리가, 다음 java.library.path에서 발견되지 않습니다: [C:\presentation\jdk-21\bin;C:\WINDOWS\Sun\Java\bin;C:\WINDOWS\system32;C:\WINDOWS;C:\presentation\jdk-21\bin;C:\Program Files\Common Files\Oracle\Java\javapath;C:\Program Files (x86)\Common Files\Oracle\Java\java8path;C:\Program Files (x86)\Common Files\Oracle\Java\javapath;C:\WINDOWS\system32;C:\WINDOWS;C:\WINDOWS\System32\Wbem;C:\WINDOWS\System32\WindowsPowerShell\v1.0\;C:\WINDOWS\System32\OpenSSH\;C:\Program Files (x86)\NVIDIA Corporation\PhysX\Common;C:\Program Files\Bandizip\;C:\Program Files\Git\cmd;C:\Users\PC\AppData\Local\nvm;C:\nvm4w\nodejs;C:\Program Files\MySQL\MySQL Shell 8.0\bin\;C:\Users\PC\AppData\Local\Microsoft\WindowsApps;C:\Users\PC\AppData\Local\Programs\Microsoft VS Code\bin;C:\Users\PC\AppData\Roaming\npm;C:\Users\PC\AppData\Local\nvm;C:\nvm4w\nodejs;.]
15-Dec-2025 23:03:38.201 INFO [main] org.apache.coyote.AbstractProtocol.init 프로토콜 핸들러 ["http-nio-8080"]을(를) 초기화합니다.
15-Dec-2025 23:03:38.246 INFO [main] org.apache.catalina.startup.Catalina.load [843] 밀리초 내에 서버가 초기화되었습니다.
15-Dec-2025 23:03:38.335 INFO [main] org.apache.catalina.core.StandardService.startInternal 서비스 [Catalina]을(를) 시작합니다.
15-Dec-2025 23:03:38.337 INFO [main] org.apache.catalina.core.StandardEngine.startInternal 서버 엔진을 시작합니다: [Apache Tomcat/10.1.36]
15-Dec-2025 23:03:38.402 INFO [main] org.apache.catalina.startup.HostConfig.deployWAR 웹 애플리케이션 아카이브 [C:\presentation\apache-tomcat-10.1.36\webapps\MemorySpace.war]을(를) 배치합니다.
15-Dec-2025 23:03:40.162 INFO [main] org.apache.jasper.servlet.TldScanner.scanJars 적어도 하나의 JAR가 TLD들을 찾기 위해 스캔되었으나 아무 것도 찾지 못했습니다. 스캔했으나 TLD가 없는 JAR들의 전체 목록을 보시려면, 로그 레벨을 디버그 레벨로 설정하십시오. 스캔 과정에서 불필요한 JAR들을 건너뛰면, 시스템 시작 시간과 JSP 컴파일 시간을 단축시킬 수 있습니다.
15-Dec-2025 23:03:40.273 INFO [main] org.apache.catalina.startup.HostConfig.deployWAR 웹 애플리케이션 아카이브 [C:\presentation\apache-tomcat-10.1.36\webapps\MemorySpace.war]의 배치가 [1,866] 밀리초에 완료되었습니다.
15-Dec-2025 23:03:40.280 INFO [main] org.apache.catalina.startup.HostConfig.deployDirectory 웹 애플리케이션 디렉토리 [C:\presentation\apache-tomcat-10.1.36\webapps\docs]을(를) 배치합니다.
15-Dec-2025 23:03:40.375 INFO [main] org.apache.catalina.startup.HostConfig.deployDirectory 웹 애플리케이션 디렉토리 [C:\presentation\apache-tomcat-10.1.36\webapps\docs]에 대한 배치가 [96] 밀리초에 완료되었습니다.
15-Dec-2025 23:03:40.376 INFO [main] org.apache.catalina.startup.HostConfig.deployDirectory 웹 애플리케이션 디렉토리 [C:\presentation\apache-tomcat-10.1.36\webapps\examples]을(를) 배치합니다.
15-Dec-2025 23:03:42.737 INFO [main] org.apache.catalina.startup.HostConfig.deployDirectory 웹 애플리케이션 디렉토리 [C:\presentation\apache-tomcat-10.1.36\webapps\examples]에 대한 배치가 [2,361] 밀리초에 완료되었습니다.
15-Dec-2025 23:03:42.738 INFO [main] org.apache.catalina.startup.HostConfig.deployDirectory 웹 애플리케이션 디렉토리 [C:\presentation\apache-tomcat-10.1.36\webapps\host-manager]을(를) 배치합니다.
15-Dec-2025 23:03:42.859 INFO [main] org.apache.catalina.startup.HostConfig.deployDirectory 웹 애플리케이션 디렉토리 [C:\presentation\apache-tomcat-10.1.36\webapps\host-manager]에 대한 배치가 [121] 밀리초에 완료되었습니다.
15-Dec-2025 23:03:42.865 INFO [main] org.apache.catalina.startup.HostConfig.deployDirectory 웹 애플리케이션 디렉토리 [C:\presentation\apache-tomcat-10.1.36\webapps\manager]을(를) 배치합니다.
15-Dec-2025 23:03:42.953 INFO [main] org.apache.catalina.startup.HostConfig.deployDirectory 웹 애플리케이션 디렉토리 [C:\presentation\apache-tomcat-10.1.36\webapps\manager]에 대한 배치가 [89] 밀리초에 완료되었습니다.
15-Dec-2025 23:03:42.960 INFO [main] org.apache.catalina.startup.HostConfig.deployDirectory 웹 애플리케이션 디렉토리 [C:\presentation\apache-tomcat-10.1.36\webapps\ROOT]을(를) 배치합니다.
15-Dec-2025 23:03:43.030 INFO [main] org.apache.catalina.startup.HostConfig.deployDirectory 웹 애플리케이션 디렉토리 [C:\presentation\apache-tomcat-10.1.36\webapps\ROOT]에 대한 배치가 [70] 밀리초에 완료되었습니다.
15-Dec-2025 23:03:43.039 INFO [main] org.apache.coyote.AbstractProtocol.start 프로토콜 핸들러 ["http-nio-8080"]을(를) 시작합니다.
15-Dec-2025 23:03:43.075 INFO [main] org.apache.catalina.startup.Catalina.start 서버가 [4821] 밀리초 내에 시작되었습니다.
15-Dec-2025 23:04:50.492 INFO [Thread-1] org.apache.coyote.AbstractProtocol.pause 프로토콜 핸들러 ["http-nio-8080"]을(를) 일시 정지 중
15-Dec-2025 23:04:50.503 INFO [Thread-1] org.apache.catalina.core.StandardService.stopInternal 서비스 [Catalina]을(를) 중지시킵니다.
15-Dec-2025 23:04:50.576 INFO [Thread-1] org.apache.coyote.AbstractProtocol.stop 프로토콜 핸들러 ["http-nio-8080"]을(를) 중지시킵니다.
15-Dec-2025 23:04:50.592 INFO [Thread-1] org.apache.coyote.AbstractProtocol.destroy 프로토콜 핸들러 ["http-nio-8080"]을(를) 소멸시킵니다.
15-Dec-2025 23:09:28.733 INFO [main] org.apache.catalina.startup.VersionLoggerListener.log 서버 버전 이름:    Apache Tomcat/10.1.36
15-Dec-2025 23:09:28.740 INFO [main] org.apache.catalina.startup.VersionLoggerListener.log Server 빌드 시각:  Feb 13 2025 13:13:30 UTC
15-Dec-2025 23:09:28.743 INFO [main] org.apache.catalina.startup.VersionLoggerListener.log Server 버전 번호:  10.1.36.0
15-Dec-2025 23:09:28.744 INFO [main] org.apache.catalina.startup.VersionLoggerListener.log 운영체제 이름:     Windows 10
15-Dec-2025 23:09:28.744 INFO [main] org.apache.catalina.startup.VersionLoggerListener.log 운영체제 버전:     10.0
15-Dec-2025 23:09:28.745 INFO [main] org.apache.catalina.startup.VersionLoggerListener.log 아키텍처:          amd64
15-Dec-2025 23:09:28.745 INFO [main] org.apache.catalina.startup.VersionLoggerListener.log 자바 홈:           C:\presentation\jdk-21
15-Dec-2025 23:09:28.746 INFO [main] org.apache.catalina.startup.VersionLoggerListener.log JVM 버전:          21.0.5+9-LTS-239
15-Dec-2025 23:09:28.746 INFO [main] org.apache.catalina.startup.VersionLoggerListener.log JVM 벤더:          Oracle Corporation
15-Dec-2025 23:09:28.747 INFO [main] org.apache.catalina.startup.VersionLoggerListener.log CATALINA_BASE:     C:\presentation\apache-tomcat-10.1.36
15-Dec-2025 23:09:28.747 INFO [main] org.apache.catalina.startup.VersionLoggerListener.log CATALINA_HOME:     C:\presentation\apache-tomcat-10.1.36
15-Dec-2025 23:09:28.763 INFO [main] org.apache.catalina.startup.VersionLoggerListener.log 명령 행 아규먼트:  -Djava.util.logging.config.file=C:\presentation\apache-tomcat-10.1.36\conf\logging.properties
15-Dec-2025 23:09:28.772 INFO [main] org.apache.catalina.startup.VersionLoggerListener.log 명령 행 아규먼트:  -Djava.util.logging.manager=org.apache.juli.ClassLoaderLogManager
15-Dec-2025 23:09:28.773 INFO [main] org.apache.catalina.startup.VersionLoggerListener.log 명령 행 아규먼트:  -Djdk.tls.ephemeralDHKeySize=2048
15-Dec-2025 23:09:28.773 INFO [main] org.apache.catalina.startup.VersionLoggerListener.log 명령 행 아규먼트:  -Djava.protocol.handler.pkgs=org.apache.catalina.webresources
15-Dec-2025 23:09:28.773 INFO [main] org.apache.catalina.startup.VersionLoggerListener.log 명령 행 아규먼트:  -Dsun.io.useCanonCaches=false
15-Dec-2025 23:09:28.774 INFO [main] org.apache.catalina.startup.VersionLoggerListener.log 명령 행 아규먼트:  --add-opens=java.base/java.lang=ALL-UNNAMED
15-Dec-2025 23:09:28.774 INFO [main] org.apache.catalina.startup.VersionLoggerListener.log 명령 행 아규먼트:  --add-opens=java.base/java.io=ALL-UNNAMED
15-Dec-2025 23:09:28.775 INFO [main] org.apache.catalina.startup.VersionLoggerListener.log 명령 행 아규먼트:  --add-opens=java.base/java.util=ALL-UNNAMED
15-Dec-2025 23:09:28.776 INFO [main] org.apache.catalina.startup.VersionLoggerListener.log 명령 행 아규먼트:  --add-opens=java.base/java.util.concurrent=ALL-UNNAMED
15-Dec-2025 23:09:28.776 INFO [main] org.apache.catalina.startup.VersionLoggerListener.log 명령 행 아규먼트:  --add-opens=java.rmi/sun.rmi.transport=ALL-UNNAMED
15-Dec-2025 23:09:28.777 INFO [main] org.apache.catalina.startup.VersionLoggerListener.log 명령 행 아규먼트:  -Dcatalina.base=C:\presentation\apache-tomcat-10.1.36
15-Dec-2025 23:09:28.777 INFO [main] org.apache.catalina.startup.VersionLoggerListener.log 명령 행 아규먼트:  -Dcatalina.home=C:\presentation\apache-tomcat-10.1.36
15-Dec-2025 23:09:28.777 INFO [main] org.apache.catalina.startup.VersionLoggerListener.log 명령 행 아규먼트:  -Djava.io.tmpdir=C:\presentation\apache-tomcat-10.1.36\temp
15-Dec-2025 23:09:28.790 INFO [main] org.apache.catalina.core.AprLifecycleListener.lifecycleEvent 프로덕션 환경들에서 최적의 성능을 제공하는, APR 기반 Apache Tomcat Native 라이브러리가, 다음 java.library.path에서 발견되지 않습니다: [C:\presentation\jdk-21\bin;C:\WINDOWS\Sun\Java\bin;C:\WINDOWS\system32;C:\WINDOWS;C:\presentation\jdk-21\bin;C:\presentation\jdk-21\bin;C:\Program Files\Common Files\Oracle\Java\javapath;C:\Program Files (x86)\Common Files\Oracle\Java\java8path;C:\Program Files (x86)\Common Files\Oracle\Java\javapath;C:\WINDOWS\system32;C:\WINDOWS;C:\WINDOWS\System32\Wbem;C:\WINDOWS\System32\WindowsPowerShell\v1.0\;C:\WINDOWS\System32\OpenSSH\;C:\Program Files (x86)\NVIDIA Corporation\PhysX\Common;C:\Program Files\Bandizip\;C:\Program Files\Git\cmd;C:\Users\PC\AppData\Local\nvm;C:\nvm4w\nodejs;C:\Program Files\MySQL\MySQL Shell 8.0\bin\;C:\Users\PC\AppData\Local\Microsoft\WindowsApps;C:\Users\PC\AppData\Local\Programs\Microsoft VS Code\bin;C:\Users\PC\AppData\Roaming\npm;C:\Users\PC\AppData\Local\nvm;C:\nvm4w\nodejs;.]
15-Dec-2025 23:09:29.224 INFO [main] org.apache.coyote.AbstractProtocol.init 프로토콜 핸들러 ["http-nio-8080"]을(를) 초기화합니다.
15-Dec-2025 23:09:29.260 INFO [main] org.apache.catalina.startup.Catalina.load [872] 밀리초 내에 서버가 초기화되었습니다.
15-Dec-2025 23:09:29.337 INFO [main] org.apache.catalina.core.StandardService.startInternal 서비스 [Catalina]을(를) 시작합니다.
15-Dec-2025 23:09:29.338 INFO [main] org.apache.catalina.core.StandardEngine.startInternal 서버 엔진을 시작합니다: [Apache Tomcat/10.1.36]
15-Dec-2025 23:09:29.376 INFO [main] org.apache.catalina.startup.HostConfig.deployWAR 웹 애플리케이션 아카이브 [C:\presentation\apache-tomcat-10.1.36\webapps\MemorySpace.war]을(를) 배치합니다.
15-Dec-2025 23:09:30.428 INFO [main] org.apache.jasper.servlet.TldScanner.scanJars 적어도 하나의 JAR가 TLD들을 찾기 위해 스캔되었으나 아무 것도 찾지 못했습니다. 스캔했으나 TLD가 없는 JAR들의 전체 목록을 보시려면, 로그 레벨을 디버그 레벨로 설정하십시오. 스캔 과정에서 불필요한 JAR들을 건너뛰면, 시스템 시작 시간과 JSP 컴파일 시간을 단축시킬 수 있습니다.
15-Dec-2025 23:09:30.525 INFO [main] org.apache.catalina.startup.HostConfig.deployWAR 웹 애플리케이션 아카이브 [C:\presentation\apache-tomcat-10.1.36\webapps\MemorySpace.war]의 배치가 [1,139] 밀리초에 완료되었습니다.
15-Dec-2025 23:09:30.534 INFO [main] org.apache.catalina.startup.HostConfig.deployDirectory 웹 애플리케이션 디렉토리 [C:\presentation\apache-tomcat-10.1.36\webapps\docs]을(를) 배치합니다.
15-Dec-2025 23:09:30.606 INFO [main] org.apache.catalina.startup.HostConfig.deployDirectory 웹 애플리케이션 디렉토리 [C:\presentation\apache-tomcat-10.1.36\webapps\docs]에 대한 배치가 [71] 밀리초에 완료되었습니다.
15-Dec-2025 23:09:30.606 INFO [main] org.apache.catalina.startup.HostConfig.deployDirectory 웹 애플리케이션 디렉토리 [C:\presentation\apache-tomcat-10.1.36\webapps\examples]을(를) 배치합니다.
15-Dec-2025 23:09:31.200 INFO [main] org.apache.catalina.startup.HostConfig.deployDirectory 웹 애플리케이션 디렉토리 [C:\presentation\apache-tomcat-10.1.36\webapps\examples]에 대한 배치가 [594] 밀리초에 완료되었습니다.
15-Dec-2025 23:09:31.201 INFO [main] org.apache.catalina.startup.HostConfig.deployDirectory 웹 애플리케이션 디렉토리 [C:\presentation\apache-tomcat-10.1.36\webapps\host-manager]을(를) 배치합니다.
15-Dec-2025 23:09:31.276 INFO [main] org.apache.catalina.startup.HostConfig.deployDirectory 웹 애플리케이션 디렉토리 [C:\presentation\apache-tomcat-10.1.36\webapps\host-manager]에 대한 배치가 [74] 밀리초에 완료되었습니다.
15-Dec-2025 23:09:31.276 INFO [main] org.apache.catalina.startup.HostConfig.deployDirectory 웹 애플리케이션 디렉토리 [C:\presentation\apache-tomcat-10.1.36\webapps\manager]을(를) 배치합니다.
15-Dec-2025 23:09:31.357 INFO [main] org.apache.catalina.startup.HostConfig.deployDirectory 웹 애플리케이션 디렉토리 [C:\presentation\apache-tomcat-10.1.36\webapps\manager]에 대한 배치가 [81] 밀리초에 완료되었습니다.
15-Dec-2025 23:09:31.358 INFO [main] org.apache.catalina.startup.HostConfig.deployDirectory 웹 애플리케이션 디렉토리 [C:\presentation\apache-tomcat-10.1.36\webapps\ROOT]을(를) 배치합니다.
15-Dec-2025 23:09:31.419 INFO [main] org.apache.catalina.startup.HostConfig.deployDirectory 웹 애플리케이션 디렉토리 [C:\presentation\apache-tomcat-10.1.36\webapps\ROOT]에 대한 배치가 [61] 밀리초에 완료되었습니다.
15-Dec-2025 23:09:31.426 INFO [main] org.apache.coyote.AbstractProtocol.start 프로토콜 핸들러 ["http-nio-8080"]을(를) 시작합니다.
15-Dec-2025 23:09:31.474 INFO [main] org.apache.catalina.startup.Catalina.start 서버가 [2209] 밀리초 내에 시작되었습니다.
15-Dec-2025 23:12:54.669 INFO [Thread-1] org.apache.coyote.AbstractProtocol.pause 프로토콜 핸들러 ["http-nio-8080"]을(를) 일시 정지 중
15-Dec-2025 23:12:54.680 INFO [Thread-1] org.apache.catalina.core.StandardService.stopInternal 서비스 [Catalina]을(를) 중지시킵니다.
15-Dec-2025 23:12:54.730 WARNING [Thread-1] org.apache.catalina.loader.WebappClassLoaderBase.clearReferencesJdbc 웹 애플리케이션 [MemorySpace]이(가) JDBC 드라이버 [com.mysql.cj.jdbc.Driver]을(를) 등록했지만, 웹 애플리케이션이 중지될 때, 해당 JDBC 드라이버의 등록을 제거하지 못했습니다. 메모리 누수를 방지하기 위하여, 등록을 강제로 제거했습니다.
15-Dec-2025 23:12:54.731 WARNING [Thread-1] org.apache.catalina.loader.WebappClassLoaderBase.clearReferencesThreads 웹 애플리케이션 [MemorySpace]이(가) [mysql-cj-abandoned-connection-cleanup](이)라는 이름의 쓰레드를 시작시킨 것으로 보이지만, 해당 쓰레드를 중지시키지 못했습니다. 이는 메모리 누수를 유발할 가능성이 큽니다. 해당 쓰레드의 스택 트레이스:
 java.base/jdk.internal.misc.Unsafe.park(Native Method)
 java.base/java.util.concurrent.locks.LockSupport.parkNanos(LockSupport.java:269)
 java.base/java.util.concurrent.locks.AbstractQueuedSynchronizer$ConditionObject.await(AbstractQueuedSynchronizer.java:1852)
 java.base/java.lang.ref.ReferenceQueue.await(ReferenceQueue.java:71)
 java.base/java.lang.ref.ReferenceQueue.remove0(ReferenceQueue.java:143)
 java.base/java.lang.ref.ReferenceQueue.remove(ReferenceQueue.java:218)
 com.mysql.cj.jdbc.AbandonedConnectionCleanupThread.run(AbandonedConnectionCleanupThread.java:91)
 java.base/java.util.concurrent.ThreadPoolExecutor.runWorker(ThreadPoolExecutor.java:1144)
 java.base/java.util.concurrent.ThreadPoolExecutor$Worker.run(ThreadPoolExecutor.java:642)
 java.base/java.lang.Thread.run(Thread.java:1583)
15-Dec-2025 23:12:54.750 INFO [Thread-1] org.apache.coyote.AbstractProtocol.stop 프로토콜 핸들러 ["http-nio-8080"]을(를) 중지시킵니다.
15-Dec-2025 23:12:54.769 INFO [Thread-1] org.apache.coyote.AbstractProtocol.destroy 프로토콜 핸들러 ["http-nio-8080"]을(를) 소멸시킵니다.
